{"/home/aline/Documentos/bank-extract/src/common/components/Header/Header.vue": {"path":"/home/aline/Documentos/bank-extract/src/common/components/Header/Header.vue","statementMap":{"0":{"start":{"line":6,"column":15},"end":{"line":6,"column":null}}},"fnMap":{},"branchMap":{},"s":{"0":2},"f":{},"b":{}}
,"/home/aline/Documentos/bank-extract/src/common/components/Table/Table.vue": {"path":"/home/aline/Documentos/bank-extract/src/common/components/Table/Table.vue","statementMap":{"0":{"start":{"line":14,"column":15},"end":{"line":14,"column":null}}},"fnMap":{},"branchMap":{},"s":{"0":2},"f":{},"b":{}}
,"/home/aline/Documentos/bank-extract/src/common/components/Table/TableBody.vue": {"path":"/home/aline/Documentos/bank-extract/src/common/components/Table/TableBody.vue","statementMap":{"0":{"start":{"line":29,"column":15},"end":{"line":29,"column":null}}},"fnMap":{},"branchMap":{},"s":{"0":2},"f":{},"b":{}}
,"/home/aline/Documentos/bank-extract/src/common/constants/FilterType.js": {"path":"/home/aline/Documentos/bank-extract/src/common/constants/FilterType.js","statementMap":{"0":{"start":{"line":1,"column":27},"end":{"line":6,"column":3}}},"fnMap":{},"branchMap":{},"s":{"0":2},"f":{},"b":{},"_coverageSchema":"1a1c01bbd47fc00a2c39e90264f33305004495a9","hash":"d546b004d5dcc79fd273b7f93216287f494ea070"}
,"/home/aline/Documentos/bank-extract/src/common/constants/TransactionType.js": {"path":"/home/aline/Documentos/bank-extract/src/common/constants/TransactionType.js","statementMap":{"0":{"start":{"line":1,"column":32},"end":{"line":10,"column":1}},"1":{"start":{"line":12,"column":27},"end":{"line":15,"column":1}},"2":{"start":{"line":17,"column":26},"end":{"line":20,"column":1}},"3":{"start":{"line":22,"column":27},"end":{"line":27,"column":1}}},"fnMap":{},"branchMap":{},"s":{"0":2,"1":2,"2":2,"3":2},"f":{},"b":{},"_coverageSchema":"1a1c01bbd47fc00a2c39e90264f33305004495a9","hash":"de85a0a2810b5f8e4887f17c8583e8769a4901b5"}
,"/home/aline/Documentos/bank-extract/src/common/utils/Currency/CurrencyFormatter.js": {"path":"/home/aline/Documentos/bank-extract/src/common/utils/Currency/CurrencyFormatter.js","statementMap":{"0":{"start":{"line":1,"column":26},"end":{"line":11,"column":1}},"1":{"start":{"line":3,"column":4},"end":{"line":3,"column":42}},"2":{"start":{"line":3,"column":31},"end":{"line":3,"column":42}},"3":{"start":{"line":5,"column":4},"end":{"line":9,"column":27}}},"fnMap":{"0":{"name":"(anonymous_0)","decl":{"start":{"line":2,"column":2},"end":{"line":2,"column":3}},"loc":{"start":{"line":2,"column":29},"end":{"line":10,"column":3}},"line":2}},"branchMap":{"0":{"loc":{"start":{"line":2,"column":15},"end":{"line":2,"column":27}},"type":"default-arg","locations":[{"start":{"line":2,"column":23},"end":{"line":2,"column":27}}],"line":2},"1":{"loc":{"start":{"line":3,"column":4},"end":{"line":3,"column":42}},"type":"if","locations":[{"start":{"line":3,"column":4},"end":{"line":3,"column":42}},{"start":{},"end":{}}],"line":3},"2":{"loc":{"start":{"line":3,"column":8},"end":{"line":3,"column":29}},"type":"binary-expr","locations":[{"start":{"line":3,"column":8},"end":{"line":3,"column":14}},{"start":{"line":3,"column":18},"end":{"line":3,"column":29}}],"line":3}},"s":{"0":1,"1":2,"2":1,"3":1},"f":{"0":2},"b":{"0":[1],"1":[1,1],"2":[2,1]},"_coverageSchema":"1a1c01bbd47fc00a2c39e90264f33305004495a9","hash":"dd54f9c0d5c952ff71e37a1cac95d2bf3f33dfb0"}
,"/home/aline/Documentos/bank-extract/src/common/utils/Date/DateFormatter.js": {"path":"/home/aline/Documentos/bank-extract/src/common/utils/Date/DateFormatter.js","statementMap":{"0":{"start":{"line":4,"column":22},"end":{"line":32,"column":1}},"1":{"start":{"line":6,"column":4},"end":{"line":6,"column":27}},"2":{"start":{"line":6,"column":15},"end":{"line":6,"column":27}},"3":{"start":{"line":8,"column":24},"end":{"line":8,"column":38}},"4":{"start":{"line":9,"column":16},"end":{"line":9,"column":42}},"5":{"start":{"line":10,"column":18},"end":{"line":13,"column":6}},"6":{"start":{"line":14,"column":17},"end":{"line":14,"column":46}},"7":{"start":{"line":16,"column":4},"end":{"line":16,"column":39}},"8":{"start":{"line":20,"column":4},"end":{"line":20,"column":27}},"9":{"start":{"line":20,"column":15},"end":{"line":20,"column":27}},"10":{"start":{"line":22,"column":24},"end":{"line":22,"column":38}},"11":{"start":{"line":23,"column":16},"end":{"line":23,"column":42}},"12":{"start":{"line":24,"column":18},"end":{"line":27,"column":6}},"13":{"start":{"line":28,"column":17},"end":{"line":28,"column":45}},"14":{"start":{"line":30,"column":4},"end":{"line":30,"column":43}}},"fnMap":{"0":{"name":"(anonymous_0)","decl":{"start":{"line":5,"column":2},"end":{"line":5,"column":3}},"loc":{"start":{"line":5,"column":29},"end":{"line":17,"column":3}},"line":5},"1":{"name":"(anonymous_1)","decl":{"start":{"line":19,"column":2},"end":{"line":19,"column":3}},"loc":{"start":{"line":19,"column":29},"end":{"line":31,"column":3}},"line":19}},"branchMap":{"0":{"loc":{"start":{"line":5,"column":16},"end":{"line":5,"column":27}},"type":"default-arg","locations":[{"start":{"line":5,"column":23},"end":{"line":5,"column":27}}],"line":5},"1":{"loc":{"start":{"line":6,"column":4},"end":{"line":6,"column":27}},"type":"if","locations":[{"start":{"line":6,"column":4},"end":{"line":6,"column":27}},{"start":{},"end":{}}],"line":6},"2":{"loc":{"start":{"line":19,"column":16},"end":{"line":19,"column":27}},"type":"default-arg","locations":[{"start":{"line":19,"column":23},"end":{"line":19,"column":27}}],"line":19},"3":{"loc":{"start":{"line":20,"column":4},"end":{"line":20,"column":27}},"type":"if","locations":[{"start":{"line":20,"column":4},"end":{"line":20,"column":27}},{"start":{},"end":{}}],"line":20}},"s":{"0":1,"1":2,"2":1,"3":1,"4":1,"5":1,"6":1,"7":1,"8":2,"9":1,"10":1,"11":1,"12":1,"13":1,"14":1},"f":{"0":2,"1":2},"b":{"0":[1],"1":[1,1],"2":[1],"3":[1,1]},"_coverageSchema":"1a1c01bbd47fc00a2c39e90264f33305004495a9","hash":"286b32a8aeb345c6a957e47f2eca43cf5de1570c"}
}
