TN:
SF:src/common/components/Header/Header.vue
FNF:0
FNH:0
DA:6,2
LF:1
LH:1
BRF:0
BRH:0
end_of_record
TN:
SF:src/common/components/Table/Table.vue
FNF:0
FNH:0
DA:14,2
LF:1
LH:1
BRF:0
BRH:0
end_of_record
TN:
SF:src/common/components/Table/TableBody.vue
FNF:0
FNH:0
DA:29,2
LF:1
LH:1
BRF:0
BRH:0
end_of_record
TN:
SF:src/common/constants/FilterType.js
FNF:0
FNH:0
DA:1,2
LF:1
LH:1
BRF:0
BRH:0
end_of_record
TN:
SF:src/common/constants/TransactionType.js
FNF:0
FNH:0
DA:1,2
DA:12,2
DA:17,2
DA:22,2
LF:4
LH:4
BRF:0
BRH:0
end_of_record
TN:
SF:src/common/utils/Currency/CurrencyFormatter.js
FN:2,(anonymous_0)
FNF:1
FNH:1
FNDA:2,(anonymous_0)
DA:1,1
DA:3,2
DA:5,1
LF:3
LH:3
BRDA:2,0,0,1
BRDA:3,1,0,1
BRDA:3,1,1,1
BRDA:3,2,0,2
BRDA:3,2,1,1
BRF:5
BRH:5
end_of_record
TN:
SF:src/common/utils/Date/DateFormatter.js
FN:5,(anonymous_0)
FN:19,(anonymous_1)
FNF:2
FNH:2
FNDA:2,(anonymous_0)
FNDA:2,(anonymous_1)
DA:4,1
DA:6,2
DA:8,1
DA:9,1
DA:10,1
DA:14,1
DA:16,1
DA:20,2
DA:22,1
DA:23,1
DA:24,1
DA:28,1
DA:30,1
LF:13
LH:13
BRDA:5,0,0,1
BRDA:6,1,0,1
BRDA:6,1,1,1
BRDA:19,2,0,1
BRDA:20,3,0,1
BRDA:20,3,1,1
BRF:6
BRH:6
end_of_record
